# JRE version: OpenJDK Runtime Environment (8.0_242-b08) (build 1.8.0_242-b08)
# Java VM: OpenJDK 64-Bit Server VM (25.242-b08 mixed mode windows-amd64 compressed oops)
Heap:
 PSYoungGen      total 646656K, used 537561K [0x0000000780400000, 0x00000007be400000, 0x00000007c0000000)
  eden space 493568K, 77% used [0x0000000780400000,0x0000000797b77c58,0x000000079e600000)
  from space 153088K, 99% used [0x000000079e600000,0x00000007a7b7e900,0x00000007a7b80000)
  to   space 196096K, 0% used [0x00000007b2480000,0x00000007b2480000,0x00000007be400000)
 ParOldGen       total 430080K, used 329979K [0x0000000700c00000, 0x000000071b000000, 0x0000000780400000)
  object space 430080K, 76% used [0x0000000700c00000,0x0000000714e3ef88,0x000000071b000000)
 Metaspace       used 12118K, capacity 12328K, committed 12416K, reserved 1060864K
  class space    used 1306K, capacity 1401K, committed 1408K, reserved 1048576K
GC Heap History (10 events):
Event: 640.531 GC heap before
{Heap before GC invocations=10 (full 2):
 PSYoungGen      total 309760K, used 309728K [0x0000000780400000, 0x00000007a3200000, 0x00000007c0000000)
  eden space 258560K, 100% used [0x0000000780400000,0x0000000790080000,0x0000000790080000)
  from space 51200K, 99% used [0x0000000790080000,0x0000000793278010,0x0000000793280000)
  to   space 76800K, 0% used [0x000000079e700000,0x000000079e700000,0x00000007a3200000)
 ParOldGen       total 268800K, used 149367K [0x0000000700c00000, 0x0000000711280000, 0x0000000780400000)
  object space 268800K, 55% used [0x0000000700c00000,0x0000000709dddcc0,0x0000000711280000)
 Metaspace       used 12069K, capacity 12328K, committed 12416K, reserved 1060864K
  class space    used 1305K, capacity 1401K, committed 1408K, reserved 1048576K
Event: 640.598 GC heap after
Heap after GC invocations=10 (full 2):
 PSYoungGen      total 470016K, used 76768K [0x0000000780400000, 0x00000007a5100000, 0x00000007c0000000)
  eden space 393216K, 0% used [0x0000000780400000,0x0000000780400000,0x0000000798400000)
  from space 76800K, 99% used [0x000000079e700000,0x00000007a31f8010,0x00000007a3200000)
  to   space 101376K, 0% used [0x0000000798400000,0x0000000798400000,0x000000079e700000)
 ParOldGen       total 268800K, used 173167K [0x0000000700c00000, 0x0000000711280000, 0x0000000780400000)
  object space 268800K, 64% used [0x0000000700c00000,0x000000070b51bcc0,0x0000000711280000)
 Metaspace       used 12069K, capacity 12328K, committed 12416K, reserved 1060864K
  class space    used 1305K, capacity 1401K, committed 1408K, reserved 1048576K
}
Event: 912.188 GC heap before
{Heap before GC invocations=11 (full 2):
 PSYoungGen      total 470016K, used 469984K [0x0000000780400000, 0x00000007a5100000, 0x00000007c0000000)
  eden space 393216K, 100% used [0x0000000780400000,0x0000000798400000,0x0000000798400000)
  from space 76800K, 99% used [0x000000079e700000,0x00000007a31f8010,0x00000007a3200000)
  to   space 101376K, 0% used [0x0000000798400000,0x0000000798400000,0x000000079e700000)
 ParOldGen       total 268800K, used 173167K [0x0000000700c00000, 0x0000000711280000, 0x0000000780400000)
  object space 268800K, 64% used [0x0000000700c00000,0x000000070b51bcc0,0x0000000711280000)
 Metaspace       used 12069K, capacity 12328K, committed 12416K, reserved 1060864K
  class space    used 1305K, capacity 1401K, committed 1408K, reserved 1048576K
Event: 912.291 GC heap after
Heap after GC invocations=11 (full 2):
 PSYoungGen      total 494592K, used 101344K [0x0000000780400000, 0x00000007b0480000, 0x00000007c0000000)
  eden space 393216K, 0% used [0x0000000780400000,0x0000000780400000,0x0000000798400000)
  from space 101376K, 99% used [0x0000000798400000,0x000000079e6f8010,0x000000079e700000)
  to   space 140288K, 0% used [0x00000007a7b80000,0x00000007a7b80000,0x00000007b0480000)
 ParOldGen       total 268800K, used 224255K [0x0000000700c00000, 0x0000000711280000, 0x0000000780400000)
  object space 268800K, 83% used [0x0000000700c00000,0x000000070e6ffcc0,0x0000000711280000)
 Metaspace       used 12069K, capacity 12328K, committed 12416K, reserved 1060864K
  class space    used 1305K, capacity 1401K, committed 1408K, reserved 1048576K
}
Event: 912.291 GC heap before
{Heap before GC invocations=12 (full 3):
 PSYoungGen      total 494592K, used 101344K [0x0000000780400000, 0x00000007b0480000, 0x00000007c0000000)
  eden space 393216K, 0% used [0x0000000780400000,0x0000000780400000,0x0000000798400000)
  from space 101376K, 99% used [0x0000000798400000,0x000000079e6f8010,0x000000079e700000)
  to   space 140288K, 0% used [0x00000007a7b80000,0x00000007a7b80000,0x00000007b0480000)
 ParOldGen       total 268800K, used 224255K [0x0000000700c00000, 0x0000000711280000, 0x0000000780400000)
  object space 268800K, 83% used [0x0000000700c00000,0x000000070e6ffcc0,0x0000000711280000)
 Metaspace       used 12069K, capacity 12328K, committed 12416K, reserved 1060864K
  class space    used 1305K, capacity 1401K, committed 1408K, reserved 1048576K
Event: 912.712 GC heap after
Heap after GC invocations=12 (full 3):
 PSYoungGen      total 494592K, used 53956K [0x0000000780400000, 0x00000007b0480000, 0x00000007c0000000)
  eden space 393216K, 0% used [0x0000000780400000,0x0000000780400000,0x0000000798400000)
  from space 101376K, 53% used [0x0000000798400000,0x000000079b8b1018,0x000000079e700000)
  to   space 140288K, 0% used [0x00000007a7b80000,0x00000007a7b80000,0x00000007b0480000)
 ParOldGen       total 430080K, used 268523K [0x0000000700c00000, 0x000000071b000000, 0x0000000780400000)
  object space 430080K, 62% used [0x0000000700c00000,0x000000071123af88,0x000000071b000000)
 Metaspace       used 12069K, capacity 12328K, committed 12416K, reserved 1060864K
  class space    used 1305K, capacity 1401K, committed 1408K, reserved 1048576K
}
Event: 1177.352 GC heap before
{Heap before GC invocations=13 (full 3):
 PSYoungGen      total 494592K, used 447172K [0x0000000780400000, 0x00000007b0480000, 0x00000007c0000000)
  eden space 393216K, 100% used [0x0000000780400000,0x0000000798400000,0x0000000798400000)
  from space 101376K, 53% used [0x0000000798400000,0x000000079b8b1018,0x000000079e700000)
  to   space 140288K, 0% used [0x00000007a7b80000,0x00000007a7b80000,0x00000007b0480000)
 ParOldGen       total 430080K, used 268523K [0x0000000700c00000, 0x000000071b000000, 0x0000000780400000)
  object space 430080K, 62% used [0x0000000700c00000,0x000000071123af88,0x000000071b000000)
 Metaspace       used 12113K, capacity 12328K, committed 12416K, reserved 1060864K
  class space    used 1305K, capacity 1401K, committed 1408K, reserved 1048576K
Event: 1177.468 GC heap after
Heap after GC invocations=13 (full 3):
 PSYoungGen      total 633856K, used 110970K [0x0000000780400000, 0x00000007b2380000, 0x00000007c0000000)
  eden space 493568K, 0% used [0x0000000780400000,0x0000000780400000,0x000000079e600000)
  from space 140288K, 79% used [0x00000007a7b80000,0x00000007ae7de900,0x00000007b0480000)
  to   space 153088K, 0% used [0x000000079e600000,0x000000079e600000,0x00000007a7b80000)
 ParOldGen       total 430080K, used 283515K [0x0000000700c00000, 0x000000071b000000, 0x0000000780400000)
  object space 430080K, 65% used [0x0000000700c00000,0x00000007120def88,0x000000071b000000)
 Metaspace       used 12113K, capacity 12328K, committed 12416K, reserved 1060864K
  class space    used 1305K, capacity 1401K, committed 1408K, reserved 1048576K
}
Event: 1519.969 GC heap before
{Heap before GC invocations=14 (full 3):
 PSYoungGen      total 633856K, used 604538K [0x0000000780400000, 0x00000007b2380000, 0x00000007c0000000)
  eden space 493568K, 100% used [0x0000000780400000,0x000000079e600000,0x000000079e600000)
  from space 140288K, 79% used [0x00000007a7b80000,0x00000007ae7de900,0x00000007b0480000)
  to   space 153088K, 0% used [0x000000079e600000,0x000000079e600000,0x00000007a7b80000)
 ParOldGen       total 430080K, used 283515K [0x0000000700c00000, 0x000000071b000000, 0x0000000780400000)
  object space 430080K, 65% used [0x0000000700c00000,0x00000007120def88,0x000000071b000000)
 Metaspace       used 12113K, capacity 12328K, committed 12416K, reserved 1060864K
  class space    used 1305K, capacity 1401K, committed 1408K, reserved 1048576K
Event: 1520.122 GC heap after
Heap after GC invocations=14 (full 3):
 PSYoungGen      total 646656K, used 153082K [0x0000000780400000, 0x00000007be400000, 0x00000007c0000000)
  eden space 493568K, 0% used [0x0000000780400000,0x0000000780400000,0x000000079e600000)
  from space 153088K, 99% used [0x000000079e600000,0x00000007a7b7e900,0x00000007a7b80000)
  to   space 196096K, 0% used [0x00000007b2480000,0x00000007b2480000,0x00000007be400000)
 ParOldGen       total 430080K, used 329979K [0x0000000700c00000, 0x000000071b000000, 0x0000000780400000)
  object space 430080K, 76% used [0x0000000700c00000,0x0000000714e3ef88,0x000000071b000000)
 Metaspace       used 12113K, capacity 12328K, committed 12416K, reserved 1060864K
  class space    used 1305K, capacity 1401K, committed 1408K, reserved 1048576K
}

